/COM,ANSYS RELEASE 2022 R1           BUILD 22.1      UP20211129       15:56:41

 *** WARNING ***                         CP =       0.234   TIME= 15:56:42
 Element shape checking is currently inactive.  Issue SHPP,ON or         
 SHPP,WARN to reactivate, if desired.                                    

 *** WARNING ***                         CP =       0.266   TIME= 15:56:42
 Meshes made up of 10 percent or more of SOLID185 tetrahedra are not     
 recommended.                                                            

 *** WARNING ***                         CP =       0.266   TIME= 15:56:42
 Material number 15 (used by element 10197) should normally have at      
 least one MP or one TB type command associated with it.  Output of      
 energy by material may not be available.                                

 *** WARNING ***                         CP =       0.328   TIME= 15:56:42
 Node 14 connects both contact element 10137 and target element 10184.   
 Please check the model carefully.                                       

 *** WARNING ***                         CP =       0.328   TIME= 15:56:42
 All selected contact pairs are initially open.  Rigid body motion can   
 occur.  You may use auto CNOF/ICONT by setting KEYOPT(5) to close       
 small gaps.                                                             

 *** WARNING ***                         CP =       0.516   TIME= 15:56:42
 Node 14 connects both contact element 10137 and target element 10184.   
 Please check the model carefully.                                       
