/COM,ANSYS RELEASE 2022 R1           BUILD 22.1      UP20211129       15:57:11

 *** WARNING ***                         CP =       0.250   TIME= 15:57:11
 Element shape checking is currently inactive.  Issue SHPP,ON or         
 SHPP,WARN to reactivate, if desired.                                    

 *** WARNING ***                         CP =       0.281   TIME= 15:57:11
 Meshes made up of 10 percent or more of SOLID185 tetrahedra are not     
 recommended.                                                            

 *** WARNING ***                         CP =       0.312   TIME= 15:57:11
 Material number 15 (used by element 11390) should normally have at      
 least one MP or one TB type command associated with it.  Output of      
 energy by material may not be available.                                

 *** WARNING ***                         CP =       0.344   TIME= 15:57:11
 Node 73 connects both contact element 11339 and target element 11377.   
 Please check the model carefully.                                       

 *** WARNING ***                         CP =       0.344   TIME= 15:57:11
 All selected contact pairs are initially open.  Rigid body motion can   
 occur.  You may use auto CNOF/ICONT by setting KEYOPT(5) to close       
 small gaps.                                                             

 *** WARNING ***                         CP =       0.562   TIME= 15:57:11
 Node 73 connects both contact element 11339 and target element 11377.   
 Please check the model carefully.                                       
