"lift_force-rfile"
"Iteration" "lift_force"
("Iteration" "lift_force")
1 3104.26032561874
2 1504.587864729964
3 823.5108882585539
4 819.2536313987447
5 721.1288033642093
6 594.926046612475
7 543.2900099442412
8 545.5157973046018
9 630.2735188821428
10 681.5426054049285
11 710.8591614470291
12 725.0311526080101
13 726.4363750494573
14 721.6255065734246
15 719.7238250889772
16 721.271485880642
17 724.3446346750799
18 732.5104211993605
19 742.1895977226056
20 751.7975615990403
21 762.3244555152071
22 769.0745871707811
23 776.8234255918911
24 784.0576868718142
25 789.9898499142505
26 791.8314151716421
27 796.7251704481851
28 801.7762513217849
29 803.562648804266
30 802.0540004106972
31 798.4801584309392
32 791.9185557017425
33 786.4330966851539
34 781.8619336614535
35 774.481672468877
36 770.7291897937512
37 764.5500890543218
38 765.1902206518995
39 765.5616985354727
40 769.0543953396269
41 775.5706631972319
42 785.735374382785
43 800.983378222405
44 818.4334303274817
45 835.151767394916
46 851.8284576117525
47 868.6512315077098
48 883.3191714412735
49 895.9977674785516
50 906.5167643593165
51 915.1311144079691
52 921.944962963667
53 926.7514491375539
54 929.9639104201398
55 931.9323324076946
56 933.8610556541794
57 934.4483361802567
58 935.3104496744123
59 935.9904647251332
60 937.3373893501249
61 939.7233661642924
62 942.6855434359238
63 945.7865931606589
64 949.399550246953
65 953.234584508725
66 958.1860760378451
67 961.2750550743591
68 966.2171196477443
69 969.5065842899036
70 973.4758819406502
71 977.6445129000373
72 981.1919075344406
73 984.8840420978656
74 988.1180880578104
75 991.8559325900023
76 994.8275064808738
77 998.7970353692393
78 1001.561408097395
79 1005.704197675997
80 1008.442996960158
81 1012.707669473313
82 1015.442744551299
83 1019.726537207544
84 1022.449985391892
85 1026.700656848205
86 1029.337712841459
87 1033.411123880733
88 1035.976968471765
89 1039.871193989384
90 1041.635532816419
91 1046.428556669882
92 1047.973393187696
93 1052.099402971663
94 1053.508057757083
95 1057.204141236661
96 1058.513116278653
97 1061.969260284494
98 1063.175956175636
99 1066.335373948327
100 1067.45225505879
101 1070.32518256024
102 1071.365545656042
103 1074.00046853183
104 1074.978171210591
105 1077.408202488595
106 1078.335590574826
107 1080.585888697047
108 1081.464364743453
109 1083.546030144899
110 1084.380385358675
111 1086.295912259656
112 1086.942671069306
113 1089.03732049904
114 1089.594721140005
115 1091.382379858876
116 1091.939489755654
117 1093.666471428104
118 1094.183560218169
119 1095.785701274389
120 1096.279533393784
121 1097.793987461765
122 1098.266104540588
123 1099.69989580318
124 1100.15776590329
125 1101.532053464506
126 1102.259639243829
127 1103.047707486636
128 1103.879661598634
129 1104.719420034721
130 1105.579642418718
131 1106.42577596173
132 1107.266485484002
133 1108.060420076477
134 1108.877109868825
135 1109.632746630253
136 1110.432801138469
137 1110.891830819068
138 1112.031956674774
139 1112.780314023358
140 1113.246613660588
141 1113.86925421819
142 1115.069343332806
143 1115.453672712569
144 1115.971731198654
145 1117.22490206577
146 1117.568803445489
147 1118.043845356553
148 1118.540878973002
149 1119.728874446091
150 1120.057725171526
151 1120.487279101817
152 1120.927557297279
153 1121.505716174215
154 1122.537666477631
155 1122.822976180151
156 1123.174447163168
157 1123.643069408996
158 1124.093020727219
159 1124.634474720319
160 1125.508728785108
161 1125.750233328049
162 1126.034900835849
163 1126.40136115176
164 1126.750743094613
165 1127.180988699693
166 1127.562602924202
167 1128.004341928227
168 1128.379489199805
169 1128.789687182535
170 1129.120403931772
171 1129.487194952019
172 1129.779894760411
173 1130.115369817502
174 1130.384338987233
175 1130.702069152553
176 1130.957323218375
177 1131.264409713816
178 1131.509747194641
179 1131.807116640078
180 1132.041778114616
181 1132.327370382196
182 1132.549109341453
183 1132.82086738113
184 1133.02856421543
185 1133.286407762926
186 1133.481035996043
187 1133.726819036652
188 1133.910657624125
189 1134.146857392909
190 1134.322144546274
191 1134.550652180895
192 1134.718756328129
193 1134.940419911189
194 1135.101750856064
195 1135.316612111875
196 1135.471031065558
197 1135.678828372017
198 1135.826114913447
199 1136.02668378464
200 1136.16675894246
201 1136.360121478144
202 1136.493042925017
203 1136.679344654015
204 1136.805227262096
205 1136.98461860693
206 1137.103620498117
207 1137.276262046565
208 1137.388569296683
209 1137.554673813574
210 1137.660543023216
211 1137.82040214844
212 1137.920160707725
213 1138.074113594863
214 1138.168095981262
215 1138.316459231288
216 1138.404949267804
217 1138.547953836252
218 1138.631156423882
219 1138.76897458844
220 1138.847020865212
221 1138.979761837213
222 1139.052751374509
223 1139.180514173199
224 1139.248559180093
225 1139.371475787749
226 1139.43473393118
227 1139.552986582554
228 1139.611663964896
229 1139.725475809518
230 1139.779809330163
231 1139.889422848439
232 1139.939658161938
233 1140.045318536795
234 1140.09170178148
235 1140.19364411271
236 1140.236399882655
237 1140.334836924171
238 1140.374166853323
239 1140.469281683453
240 1140.505358045179
241 1140.597314909015
242 1140.630300844599
243 1140.719261029871
244 1140.749319538123
245 1140.835444803686
246 1140.862737972402
247 1140.946187501782
248 1140.970872494437
249 1141.051798716202
250 1141.074112265927
251 1141.152734864681
252 1141.172671293601
253 1141.248982570698
254 1141.266658222708
255 1141.340783393976
256 1141.356337655581
257 1141.428424464138
258 1141.442003698487
259 1141.512185750961
260 1141.523905051052
261 1141.592276913782
262 1141.602212129635
263 1141.66883703675
264 1141.677043671377
265 1141.741974999735
266 1141.748509035578
267 1141.811806953312
268 1141.816733143048
269 1141.878466509352
270 1141.881857786526
271 1141.942098917199
272 1141.944023863012
273 1142.002836506758
274 1142.003355832825
275 1142.060797662461
276 1142.059967654124
277 1142.116093520075
278 1142.113968875719
279 1142.16883274724
280 1142.165467631982
281 1142.21912315235
282 1142.214571364452
283 1142.267071695874
284 1142.26138609035
285 1142.312782820334
286 1142.306014098952
287 1142.356356244041
288 1142.348552572044
289 1142.397887165101
290 1142.389095090742
291 1142.437467457809
292 1142.427731769175
293 1142.475185667501
294 1142.464549784718
295 1142.511127849458
296 1142.499634155639
297 1142.545378048997
298 1142.533067902011
299 1142.578018209579
300 1142.564931762614
301 1142.609127738087
302 1142.595303625641
303 1142.638782840346
304 1142.624257845428
305 1142.667055926941
306 1142.651864830638
307 1142.694015437099
308 1142.678191089604
309 1142.719726050649
310 1142.703299569944
311 1142.744249009628
312 1142.727249758364
313 1142.767642074567
314 1142.750097737041
315 1142.78995970893
316 1142.771896369611
317 1142.811253215232
318 1142.792695438637
319 1142.831570926955
320 1142.812541889787
321 1142.850958469549
322 1142.831480106835
323 1142.869459027283
324 1142.849552077906
325 1142.887113442367
326 1142.866797508836
327 1142.903960339385
328 1142.883254015226
329 1142.920036350099
330 1142.89895726974
331 1142.935376279844
332 1142.913941267458
333 1142.950013290815
334 1142.9282383034
335 1142.963978830331
336 1142.941879020563
337 1142.977302794773
338 1142.954892618793
339 1142.990013736668
340 1142.967307043535
341 1143.002139032769
342 1142.97914912241
343 1143.013704973418
344 1142.990444608692
345 1143.02473677425
346 1143.001218178387
347 1143.035258579014
348 1143.011493453615
349 1143.045293513426
350 1143.021293085441
351 1143.054863771547
352 1143.030638815706
353 1143.063990650121
354 1143.039551498554
355 1143.072694568869
356 1143.04805112289
357 1143.080995093358
358 1143.05615683401
359 1143.088910954561
360 1143.063886952244
361 1143.096460069682
362 1143.071258995847
363 1143.103659566697
364 1143.078289707847
365 1143.110525812182
366 1143.084995083022
367 1143.117074436696
368 1143.091390392519
369 1143.12332035867
370 1143.097490205921
371 1143.12927780537
372 1143.10330841251
373 1143.134960334241
374 1143.108858241766
375 1143.140380852887
376 1143.114152284132
377 1143.145551641617
378 1143.119202514724
379 1143.15048437737
380 1143.124020318756
381 1143.155190161176
382 1143.12861651733
383 1143.159679545221
384 1143.133001401636
385 1143.163962566307
386 1143.137184761475
387 1143.168048772447
388 1143.141175908382
389 1143.171947245626
390 1143.144983700763
391 1143.175666627455
392 1143.148616569068
393 1143.179215143502
394 1143.152082539009
395 1143.182600625675
396 1143.155389253927
397 1143.185830534842
398 1143.158543998969
399 1143.188911989657
400 1143.161553732342
401 1143.191851788509
402 1143.164425091492
403 1143.194656410637
404 1143.16716440224
405 1143.197332034867
406 1143.169777702113
407 1143.199884562908
408 1143.172270760757
409 1143.202319635432
410 1143.174649091717
411 1143.204642641285
412 1143.176917961339
413 1143.206858727382
414 1143.179082400074
415 1143.20897281111
416 1143.181147214716
417 1143.210989591208
418 1143.183116997786
419 1143.212913556114
420 1143.184996135343
421 1143.21474899179
422 1143.186788815122
423 1143.216499990077
424 1143.18849903493
425 1143.218170457032
426 1143.190130610941
427 1143.219764121122
428 1143.191687185594
429 1143.221284540917
430 1143.193172235109
431 1143.222735112113
432 1143.194589076114
433 1143.224119073814
434 1143.195940871634
435 1143.225439514669
436 1143.197230637429
437 1143.226699379249
438 1143.19846124832
439 1143.227901474333
440 1143.199635444516
441 1143.229048475251
442 1143.200755837869
443 1143.230142931965
444 1143.201824917799
445 1143.231187274894
446 1143.202845057021
447 1143.232183820519
448 1143.203818517037
449 1143.233134776758
450 1143.204747453379
451 1143.234042248077
452 1143.205633920616
453 1143.234908240466
454 1143.206479877233
455 1143.235734666107
456 1143.207287190184
457 1143.236523347926
458 1143.208057639393
459 1143.237276023994
460 1143.208792922039
461 1143.237994351679
462 1143.20949465662
463 1143.238679911633
464 1143.210164386822
465 1143.239334211553
466 1143.210803585184
467 1143.239958689724
468 1143.211413656507
469 1143.240554718322
470 1143.211995941084
471 1143.241123606545
472 1143.21255171771
473 1143.241666603617
474 1143.213082206708
475 1143.24218490165
476 1143.213588572541
477 1143.242679638111
478 1143.214071926258
479 1143.243151898341
480 1143.214533328079
481 1143.243602718047
482 1143.21497378972
483 1143.244033085517
484 1143.215394276495
485 1143.244443943629
486 1143.215795709292
487 1143.244836191839
488 1143.216178966806
489 1143.245210688712
490 1143.216544887835
491 1143.245568253582
492 1143.21689427246
493 1143.245909667657
494 1143.217227883408
495 1143.24623567576
496 1143.217546448169
497 1143.246546988579
498 1143.217850660998
499 1143.246844284298
500 1143.218141184244
