"lift-rfile"
"Iteration" "lift"
("Iteration" "lift")
1 0.2601146795210751
2 0.2683317861502807
3 0.2605509408561423
4 0.2460944420665677
5 0.2374482135401784
6 0.2314126071894503
7 0.2271005588235472
8 0.2233888460283251
9 0.2219759913631895
10 0.2245117068955729
11 0.2297369072816131
12 0.2362591578470857
13 0.2391256030042003
14 0.2405291699711489
15 0.2396527212554669
16 0.2380438433747466
17 0.2357013003080251
18 0.2272821791935984
19 0.2272684910883623
20 0.2285562837222616
21 0.2311524010953855
22 0.2322842105236892
23 0.2343581726920055
24 0.235631108977699
25 0.2364704927557043
26 0.2368124459065731
27 0.2367148938198479
28 0.2364870732721615
29 0.2363901236898142
30 0.2364030586278023
31 0.2364713433836304
32 0.2365908764735365
33 0.2365761452224398
34 0.2366906629496708
35 0.2366449120389648
36 0.2367092107155291
37 0.2366350826725461
38 0.2366228156187037
39 0.2365608374408883
40 0.2364560613924269
41 0.2363637120719878
42 0.2361574498199578
43 0.2360434743313538
44 0.2358098411475551
45 0.2357137369926506
46 0.2354733538263764
47 0.2353956642905942
48 0.2352991462918438
49 0.2350597634609163
50 0.2349985688792114
51 0.2348483027399056
52 0.2347974379968977
53 0.2346852105131146
54 0.2346501523732134
55 0.2346157443828321
56 0.2345784229098949
57 0.2345797603562714
58 0.2345506289870858
59 0.2346056775309004
60 0.2345909935097768
61 0.2346795275105544
62 0.2346925961954553
63 0.2348152501487626
64 0.2348277100581703
65 0.2349724589491012
66 0.2350161724663875
67 0.2350983449379049
68 0.2352769181564729
69 0.2353505223818878
70 0.2354434496063316
71 0.2356672232559221
72 0.2358890839534221
73 0.2362001621654938
74 0.2364081046180723
75 0.2366964287900747
76 0.2369082020187448
77 0.2372459287459079
78 0.2374508930793626
79 0.2378088167770664
80 0.2380278966932506
81 0.2383974277101153
82 0.2386067685927026
83 0.2389684763496187
84 0.2391646786424098
85 0.2395156710739069
86 0.239687038089431
87 0.240010246568042
88 0.2401570498616541
89 0.2406425426212304
90 0.2406213523484486
91 0.2408061815705518
92 0.2409895760457226
93 0.2411249637298901
94 0.2411630110496887
95 0.2415958790633412
96 0.2415377260124355
97 0.2417806505392182
98 0.2418163241165761
99 0.2422883186680205
100 0.2422193310129798
101 0.2424168003835314
102 0.2424145064986813
103 0.2426672670795309
104 0.2426928264571072
105 0.2429624472575703
106 0.2429854093656792
107 0.2432486962775871
108 0.243265292881421
109 0.2435279563775365
110 0.2435415375880003
111 0.2438103791899013
112 0.2438180481107757
113 0.2440879625666989
114 0.2440911454175395
115 0.2443615369047326
116 0.2443885884120562
117 0.2446359532176895
118 0.2446694148042947
119 0.244941723229424
120 0.2449872708418462
121 0.2454637887006156
122 0.245406894726199
123 0.2455796653522275
124 0.2455995071803105
125 0.2460357208270741
126 0.2459963843385549
127 0.2462350863832364
128 0.2465206255717544
129 0.2466779677595357
130 0.2466968370892045
131 0.2471619588789256
132 0.2471281448509727
133 0.2473483259540855
134 0.2477354239135447
135 0.2478577678652054
136 0.2478411014070799
137 0.2482040032846988
138 0.2481791706943326
139 0.2486026206059185
140 0.2485727273110174
141 0.2487983276798484
142 0.2492192520489699
143 0.2493390848921148
144 0.2493114911767047
145 0.2496047256340225
146 0.2495736714951433
147 0.2499626246199549
148 0.2499314824700496
149 0.2501371824363029
150 0.250579089019661
151 0.2506839608049612
152 0.250643667651584
153 0.2507918802380049
154 0.2509318370698672
155 0.251071245531162
156 0.2511159357667869
157 0.2516894752825309
158 0.2516326457605072
159 0.2517481729062142
160 0.2517422020540158
161 0.2520067179611483
162 0.2520070242281272
163 0.2523445655752832
164 0.2523344747064774
165 0.2525129716000871
166 0.2525882408192776
167 0.2530416703878672
168 0.2530273295140332
169 0.2531746047817987
170 0.2532043555740275
171 0.2533978473733206
172 0.2534760238964303
173 0.2538744251557268
174 0.2538631809089538
175 0.2540109919981833
176 0.2540395397533228
177 0.2542331885605048
178 0.2542973507488617
179 0.2547269909984136
180 0.2547028707420496
181 0.2548762982898425
182 0.2548828038989446
183 0.2551818358988815
184 0.2551673900170876
185 0.2553617034253132
186 0.2553877951954343
187 0.2557398610180545
188 0.2557251938136503
189 0.2559109900234178
190 0.2559277212046135
191 0.256242478347987
192 0.2562257654924712
193 0.2564710167986794
194 0.2564453897933273
195 0.2566770783958968
196 0.2566545353293921
197 0.256895996045073
198 0.256875792386768
199 0.2571194681501314
200 0.2570987494522588
201 0.2573355556981315
202 0.257312812403543
203 0.2575392328243856
204 0.2575142224409854
205 0.2577310692921999
206 0.2577046988800937
207 0.2579150334845232
208 0.2578862623157872
209 0.2580879807026019
210 0.2580571801911157
211 0.2582519302655298
212 0.2582194568954954
213 0.2584083519042446
214 0.2583740695294946
215 0.2585568112491788
216 0.2585213181751672
217 0.258699415069758
218 0.2586624896173466
219 0.2588352115935109
220 0.2587965980204385
221 0.258963474608464
222 0.2589230173503337
223 0.259084387893101
224 0.2590423000352762
225 0.259198925355177
226 0.2591554143903648
227 0.2593078384745249
228 0.259263035887523
229 0.2594117772615679
230 0.2593658136318688
231 0.2595111802814257
232 0.2594640676552911
233 0.25958023372218
234 0.2595526593793858
235 0.2597102092815053
236 0.2596661041787625
237 0.2597805228157799
238 0.2597462096262875
239 0.2598887367818277
240 0.2598389130473707
241 0.2599473380485455
242 0.259908085686226
243 0.2600183073343867
244 0.2599860351777546
245 0.2601017618277947
246 0.2600703080222728
247 0.2601869233303928
248 0.2601535265834848
249 0.2602679961071385
250 0.2602315875261669
251 0.2603428227350404
252 0.2603038182666719
253 0.2604128745421214
254 0.2603726872528275
255 0.2604812677547859
256 0.260441123526008
257 0.2605504236479391
258 0.2605108573770057
259 0.2606210216547113
260 0.2605817623258316
261 0.2606921770697139
262 0.2606527187544675
263 0.2607631276210736
264 0.260723173011041
265 0.2608910857533309
266 0.2607869175663218
267 0.2609216954761671
268 0.2608316104495662
269 0.2609829739086845
270 0.2608838372626658
271 0.2610233189186395
272 0.2609432544746378
273 0.2611112413963113
274 0.26101907374568
275 0.2611622991306771
276 0.2610839943813096
277 0.2612496460832989
278 0.2611555813016483
279 0.2612933971177653
280 0.2612115074662705
281 0.2613667778914315
282 0.2612705471649634
283 0.2614052360241427
284 0.2613225729142124
285 0.2614766755533554
286 0.2613811213655242
287 0.2615162465952642
288 0.2614344927421423
289 0.2615901790842283
290 0.261495219469441
291 0.261630254718851
292 0.2615484283234044
293 0.2616822740496243
294 0.2616072032344606
295 0.2617445096467845
296 0.2616690268317683
297 0.2618301414075234
298 0.2617319358693336
299 0.2618642287027595
300 0.2617763899732199
301 0.261905379341315
302 0.2618252513163902
303 0.2619808242683701
304 0.2618831265703396
305 0.2620180352855837
306 0.2619341338975827
307 0.2620920324856221
308 0.2620033562850132
309 0.262164276193542
310 0.2620523232899168
311 0.2622159777462776
312 0.2620986119580596
313 0.2622690149217284
314 0.2621502573911239
315 0.2623292905935656
316 0.2622094255810747
317 0.2623940140820139
318 0.2622713197966037
319 0.2624578408930904
320 0.2623317346971477
321 0.2625183704215006
322 0.2623895124646312
323 0.2625760024468317
324 0.262445587590708
325 0.2626324021507556
326 0.2625014351164281
327 0.2626888727984634
328 0.2625577861225664
329 0.262745684175528
330 0.262614411119851
331 0.2628023219110187
332 0.2626706275835904
333 0.2628581652590591
334 0.2627259278841229
335 0.2629129489216803
336 0.2627802137539277
337 0.2629667575394765
338 0.2628336374447328
339 0.2630197822281262
340 0.2628863572647197
341 0.2630721270565288
342 0.262938406948906
343 0.2631237607568758
344 0.2629897055448086
345 0.2631745761471843
346 0.2630401381747148
347 0.2632244804269802
348 0.2630896363882946
349 0.2632734429522393
350 0.2631381985697257
351 0.2633214891533194
352 0.2631858615492265
353 0.2633686605941384
354 0.2632326623172949
355 0.2634149891384517
356 0.2632786316532395
357 0.2634605307644203
358 0.2633238455416456
359 0.2635053263859514
360 0.2633683123311031
361 0.26354937577213
362 0.2634120387733122
363 0.2635927042193132
364 0.2634550554216887
365 0.263635350140949
366 0.2634973842732438
367 0.263677329379868
368 0.2635390373509837
369 0.2637186400633285
370 0.2635800577418778
371 0.2637593117322181
372 0.2636204341131266
373 0.2637993386805796
374 0.2636601598081371
375 0.2638386999120358
376 0.2636991872176911
377 0.2638773264431121
378 0.2637374441989884
379 0.263915155306516
380 0.2637748820452919
381 0.2639521500251966
382 0.263811473327098
383 0.2639882888408112
384 0.2638471966631561
385 0.2640235478754591
386 0.2638820247483071
387 0.264057894821136
388 0.2639159228120825
389 0.2640912936959597
390 0.263948856891548
391 0.2641237139568695
392 0.2639808014566186
393 0.2641551369513477
394 0.2640117463427021
395 0.2641855607901687
396 0.2640416987362781
397 0.2642149988149818
398 0.2640706659527562
399 0.2642434580679898
400 0.2640986653583363
401 0.2642709654901939
402 0.2641257287639206
403 0.2642975536309276
404 0.2641518876676234
405 0.2643232526849098
406 0.2641771713926963
407 0.2643480919554241
408 0.2642016121113629
409 0.2643721084314647
410 0.2642252492541731
411 0.2643953434653765
412 0.264248126435585
413 0.2644178425864269
414 0.2642702898531606
415 0.2644396515691226
416 0.2642917843765368
417 0.2644608143103778
418 0.264312653089996
419 0.2644813741397402
420 0.2643329383501469
421 0.2645013722433428
422 0.2643526831634287
423 0.2645208509982881
424 0.2643719279360033
425 0.2645398512972121
426 0.2643907146250662
427 0.2645584143408439
428 0.2644090801810378
429 0.2645765787344652
430 0.2644270517345538
431 0.2645943599157646
432 0.2644446617833202
433 0.2646118050521383
434 0.2644619568433643
435 0.2646289487768276
436 0.2644789554910483
437 0.2646457994120004
438 0.2644956655181383
439 0.2646623688812467
440 0.2645121037524492
441 0.2646786769852004
442 0.264528290162256
443 0.2646947420527374
444 0.2645442406708468
445 0.2647105774883061
446 0.2645599667510161
447 0.2647261931900831
448 0.2645754772800068
449 0.2647415969639627
450 0.2645907788888282
451 0.2647567938051595
452 0.2646058750813708
453 0.2647717858220663
454 0.2646207671346683
455 0.2647865743188102
456 0.2646354569329373
457 0.264801162908049
458 0.2646499493518858
459 0.2648155566671558
460 0.2646642485977901
461 0.2648297588986157
462 0.2646783576265643
463 0.2648437717716152
464 0.2646922791622791
465 0.26485759624837
466 0.2647060144327675
467 0.2648712311655166
468 0.2647195613708108
469 0.2648846830513631
470 0.2647329308499578
471 0.2648979616511067
472 0.2647461289631503
473 0.2649110737012022
474 0.2647591654408535
475 0.2649240321870288
476 0.2647720554783224
477 0.2649368471405377
478 0.2647848015515185
479 0.26494951356895
480 0.2647973942872132
481 0.2649620233790914
482 0.2648098298478042
483 0.2649743802876605
484 0.2648221192454953
485 0.2649866010714919
486 0.2648342820668525
487 0.2649987050021201
488 0.2648463345858691
489 0.2650107029604915
490 0.264858281244564
491 0.2650225923354672
492 0.2648701168952262
493 0.2650343683246123
494 0.2648818369184491
495 0.2650460267150324
496 0.2648934385452054
497 0.265057567037877
498 0.2649049167913278
499 0.2650689970439447
500 0.2649162922592459
501 0.2650803128047592
502 0.2649275529762513
503 0.2650915122644228
504 0.2649386953605416
505 0.2651025911559499
506 0.2649497153144958
507 0.2651135458854461
508 0.2649606097563551
509 0.2651243732515876
510 0.2649713754117247
511 0.2651350696778635
512 0.2649820079810469
513 0.2651456297264081
514 0.264992501287093
515 0.2651560471378627
516 0.2650028493977399
517 0.2651663166404901
518 0.2650130477371613
519 0.2651764345175596
520 0.2650230931846972
521 0.2651863975904678
522 0.2650329820059313
523 0.2651962019139495
524 0.2650427108754915
525 0.265205845528449
526 0.265052278717159
527 0.2652153280623575
528 0.26506168573786
529 0.2652246501072846
530 0.2650709326948101
531 0.2652338121295014
532 0.2650800194642991
533 0.2652428133692686
534 0.2650889448690946
535 0.2652516528021891
536 0.2650977083404307
537 0.2652603308683522
538 0.2651063114011419
539 0.2652688501826888
540 0.2651147572993008
541 0.2652772140883758
542 0.2651230491951704
543 0.2652854255774256
544 0.2651311899623346
545 0.265293487386578
546 0.2651391820060737
547 0.2653014016973441
548 0.2651470273473439
549 0.265309170382412
550 0.2651547278721481
551 0.2653167954804435
552 0.2651622858007892
553 0.265324279320493
554 0.2651697035256678
555 0.2653316242458368
556 0.2651769832915996
557 0.2653388322884643
558 0.2651841268897089
559 0.2653459049694523
560 0.2651911356264944
561 0.2653528433752227
562 0.2651980104258689
563 0.2653596483467364
564 0.2652047521017253
565 0.2653663205155004
566 0.2652113611978165
567 0.2653728606647707
568 0.2652178377151667
569 0.2653792671946606
570 0.2652241818865969
571 0.265385544699134
572 0.2652303997184902
573 0.2653916976187384
574 0.2652364934077134
575 0.2653977257992538
576 0.2652424610257353
577 0.2654036260875463
578 0.265248298960123
579 0.2654093951993086
580 0.2652540049552483
581 0.2654150324599914
582 0.2652595799592122
583 0.2654205402854126
584 0.2652650273303213
585 0.2654259224048808
586 0.265270350629579
587 0.2654311818015515
588 0.2652755521449872
589 0.2654363201200856
590 0.265280633079528
591 0.265441338396751
592 0.2652855946235601
593 0.2654462382352415
594 0.2652904388792756
595 0.2654510222753227
596 0.2652951689616087
597 0.2654556940394782
598 0.265299788645586
599 0.2654602574304058
600 0.2653043017952459
601 0.265464716222528
602 0.265308712137075
603 0.2654690740805669
604 0.2653130232991576
605 0.2654733346400558
606 0.2653172389604725
607 0.2654775016778166
608 0.2653213629953504
609 0.2654815791578444
610 0.2653253994326405
611 0.2654855711428913
612 0.2653293523279966
613 0.2654894816536869
614 0.2653332256399345
615 0.2654933145704015
616 0.2653370231621818
617 0.2654970735940147
618 0.2653407485010084
619 0.2655007622363714
620 0.2653444050687562
621 0.2655043837991974
622 0.2653479960504938
623 0.2655079413454227
624 0.2653515243985645
625 0.2655114377209364
626 0.2653549928706256
627 0.2655148755725115
628 0.2653584039769857
629 0.2655182572526376
630 0.2653617599260069
631 0.2655215848492497
632 0.2653650627078417
633 0.2655248602551067
634 0.265368314125391
635 0.2655280851826913
636 0.2653715157915257
637 0.2655312610793073
638 0.2653746689799059
639 0.2655343891180336
640 0.2653777748534379
641 0.2655374705149732
642 0.2653808346877564
643 0.2655405065203527
644 0.2653838496199898
645 0.2655434982010954
646 0.2653868210315652
647 0.2655464475249446
648 0.265389750676119
649 0.2655493549122864
650 0.2653926379838725
651 0.2655522197184679
652 0.2653954824897219
653 0.2655550416518531
654 0.2653982841894972
655 0.2655578211993571
656 0.2654010441285027
657 0.2655605599176047
658 0.265403764186278
659 0.2655632596988911
660 0.2654064459909785
661 0.2655659216886043
662 0.2654090901656782
663 0.2655685460485034
664 0.265411696579305
665 0.2655711325654646
666 0.2654142651399765
667 0.2655736814123423
668 0.2654167963362341
669 0.265576193364348
670 0.2654192911395256
671 0.2655786694605102
672 0.2654217505371371
673 0.2655811105321728
674 0.2654241751735975
675 0.265583517111624
676 0.2654265655826668
677 0.2655858896638161
678 0.2654289220276162
679 0.2655882282562189
680 0.2654312444965744
681 0.2655905330047822
682 0.2654335334283727
683 0.2655928046036518
684 0.265435789533675
685 0.2655950436299138
686 0.2654380132225414
687 0.26559725034781
688 0.2654402046601361
689 0.2655994248541496
690 0.2654423638936822
691 0.2656015671565837
692 0.2654444909139322
693 0.2656036772279993
694 0.2654465856789897
695 0.2656057550226666
696 0.2654486481557501
697 0.2656078005429567
698 0.2654506783991306
699 0.2656098138748335
700 0.2654526764755258
701 0.2656117950944288
702 0.2654546425326548
703 0.2656137443887283
704 0.2654565767383317
705 0.2656156618881377
706 0.2654584791652072
707 0.2656175474943175
708 0.2654603495677523
709 0.265619401130199
710 0.2654621880110248
711 0.2656212231538743
712 0.2654639951216346
713 0.265623013827937
714 0.2654657708455803
715 0.265624773241029
716 0.2654675153408509
717 0.265626501576804
718 0.2654692287945535
719 0.2656281990090597
720 0.2654709114268943
721 0.2656298657792332
722 0.2654725635501931
723 0.265631502245936
724 0.2654741855888592
725 0.2656331088707602
726 0.2654757780277749
727 0.2656346861361956
728 0.2654773413322254
729 0.265636234487965
730 0.2654788760876362
731 0.2656377544028418
732 0.2654803829451108
733 0.2656392463099815
734 0.2654818617591498
735 0.2656407107513117
736 0.2654833130786333
737 0.2656421479691063
738 0.2654847374262928
739 0.2656435585424564
740 0.2654861353871528
741 0.2656449430060825
742 0.2654875074844358
743 0.2656463018682906
744 0.2654888542124808
745 0.2656476356028428
746 0.2654901760168155
747 0.2656489446299145
748 0.2654914733442353
749 0.2656502294195209
750 0.2654927466056431
751 0.2656514903193775
752 0.2654939961383747
753 0.2656527276685312
754 0.2654952222964458
755 0.2656539418444249
756 0.2654964254731169
757 0.2656551332440595
758 0.2654976060608926
759 0.265656302246622
760 0.2654987644226287
761 0.2656574491981373
762 0.2654999008916304
763 0.2656585744221489
764 0.2655010157856417
765 0.2656596782321353
766 0.2655021094159884
767 0.2656607609378484
768 0.2655031820920346
769 0.2656618228487939
770 0.26550423412445
771 0.2656628642760026
772 0.265505265829481
773 0.2656638855357288
774 0.2655062775261433
775 0.2656648869454029
776 0.2655072695162218
777 0.2656658688129804
778 0.2655082421357718
779 0.2656668315032231
780 0.2655091957508512
781 0.2656677753717191
782 0.2655101307205719
783 0.2656687007858345
784 0.2655110474243679
785 0.2656696081362924
786 0.2655119462589536
787 0.2656704978239028
788 0.2655128276288328
789 0.2656713702582552
790 0.2655136919485384
791 0.2656722258591026
792 0.2655145396418954
793 0.265673065054123
794 0.2655153711391349
795 0.2656738882758527
796 0.2655161868738238
797 0.2656746959586814
798 0.265516987279991
799 0.2656754885361034
800 0.2655177727895403
801 0.2656762664383389
802 0.2655185438300909
803 0.2656770300902826
804 0.2655193008229171
805 0.2656777799093562
806 0.265520044180706
807 0.2656785163031777
808 0.2655207743051807
809 0.2656792396672058
810 0.2655214915848467
811 0.2656799503826428
812 0.265522196393066
813 0.2656806488147848
814 0.2655228890867721
815 0.2656813353118643
816 0.2655235700053025
817 0.2656820102040015
818 0.2655242394696439
819 0.2656826738029452
820 0.2655248977825353
821 0.2656833264022831
822 0.265525545229315
823 0.2656839682781449
824 0.2655261820768698
825 0.2656845996880298
826 0.2655268085732235
827 0.2656852208715843
828 0.2655274249512659
829 0.2656858320546256
830 0.2655280314300862
831 0.2656864334490744
832 0.2655286282150272
833 0.2656870252543744
834 0.2655292154994089
835 0.2656876076592726
836 0.2655297934672073
837 0.2656881808401687
838 0.2655303622894306
839 0.2656887449596143
840 0.2655309221208152
841 0.2656893001686936
842 0.2655314731115722
843 0.2656898466159469
844 0.2655320154097305
845 0.2656903844473761
846 0.2655325491593399
847 0.2656909138043205
848 0.2655330744984545
849 0.2656914348207348
850 0.2655335915575316
851 0.2656919476232699
852 0.2655341004603993
853 0.2656924523329096
854 0.265534601326164
855 0.2656929490670862
856 0.2655350942718762
857 0.2656934379411065
858 0.2655355794110343
859 0.2656939190659184
860 0.2655360568527057
861 0.2656943925492916
862 0.2655365267029889
863 0.2656948584948104
864 0.2655369890639506
865 0.2656953170028314
866 0.2655374440343301
867 0.2656957681697485
868 0.2655378917082587
869 0.2656962120870191
870 0.2655383321749665
871 0.2656966488417477
872 0.2655387655201805
873 0.2656970785182319
874 0.265539191828096
875 0.2656975011990145
876 0.2655396111789484
877 0.2656979169624857
878 0.2655400236501752
879 0.2656983258859234
880 0.2655404293179581
881 0.2656987280441906
882 0.2655408282555072
883 0.2656991235086195
884 0.2655412205325453
885 0.2656995123477688
886 0.2655416062170918
887 0.2656998946296097
888 0.2655419853772758
889 0.2657002704225838
890 0.2655423580818393
891 0.2657006397957267
892 0.2655427243999475
893 0.2657010028183693
894 0.2655430844010419
895 0.2657013595602484
896 0.2655434381551806
897 0.2657017100920278
898 0.2655437857336813
899 0.2657020544859044
900 0.2655441272096195
901 0.2657023928161056
902 0.2655444626582853
903 0.2657027251590914
904 0.2655447921571507
905 0.2657030515934751
906 0.2655451157858348
907 0.2657033722000018
908 0.2655454336260923
909 0.2657036870615669
910 0.2655457457618294
911 0.2657039962631709
912 0.2655460522790069
913 0.2657042998917894
914 0.2655463532654597
915 0.2657045980361296
916 0.2655466488106187
917 0.2657048907863437
918 0.2655469390052228
919 0.2657051782337244
920 0.2655472239409972
921 0.2657054604703785
922 0.2655475037103151
923 0.2657057375888677
924 0.2655477784058295
925 0.2657060096818349
926 0.2655480481200881
927 0.2657062768416167
928 0.2655483129451559
929 0.2657065391598812
930 0.2655485729722686
931 0.265706796727294
932 0.2655488282915097
933 0.2657070496332193
934 0.2655490789915324
935 0.2657072979654704
936 0.265549325159349
937 0.2657075418101092
938 0.2655495668801239
939 0.2657077812512639
940 0.2655498042370411
941 0.2657080163710386
942 0.2655500373112172
943 0.2657082472494458
944 0.2655502661816679
945 0.2657084739643872
946 0.2655504909253049
947 0.26570869659168
948 0.2655507116169922
949 0.2657089152051417
950 0.2655509283296389
951 0.2657091298766915
952 0.2655511411343237
953 0.2657093406764973
954 0.2655513501004503
955 0.2657095476731359
956 0.2655515552959158
957 0.2657097509337782
958 0.2655517567872985
959 0.2657099505243642
960 0.2655519546400367
961 0.2657101465097965
962 0.2655521489186134
963 0.2657103389541148
964 0.2655523396867324
965 0.265710527920663
966 0.2655525270074728
967 0.2657107134722478
968 0.2655527109434322
969 0.2657108956712418
970 0.2655528915568438
971 0.2657110745797113
972 0.2655530689096458
973 0.2657112502594724
974 0.2655532430635607
975 0.2657114227721471
976 0.2655534140801246
977 0.2657115921791761
978 0.2655535820206871
979 0.2657117585418126
980 0.26555374694639
981 0.2657119219210728
982 0.2655539089181044
983 0.2657120823776686
984 0.2655540679963487
985 0.2657122399719132
986 0.2655542242411923
987 0.265712394763623
988 0.2655543777121558
989 0.2657125468120064
990 0.2655545284680962
991 0.2657126961756205
992 0.2655546765671534
993 0.2657128429121202
994 0.2655548220664667
995 0.2657129870780641
996 0.2655549650220256
997 0.2657131287288864
998 0.2655551054886884
999 0.2657132679188772
1000 0.2655552435201626
