"drag_force-rfile"
"Iteration" "drag_force"
("Iteration" "drag_force")
1 6104.952845688933
2 3265.757166908648
3 -536.0503021844343
4 -441.8922608296448
5 -265.403931324076
6 -65.62924347090858
7 212.3506192633178
8 252.6076054816886
9 274.3412734367807
10 303.0784953705377
11 304.0082166200602
12 304.6011222285621
13 302.2665110672995
14 293.3260142303404
15 282.626839712114
16 273.4070944760437
17 265.6440874110388
18 266.0120894434829
19 268.2266241770419
20 271.6936363218081
21 272.2135904995906
22 270.8626571511006
23 271.9028412538268
24 269.7435889116426
25 264.8430036555507
26 257.9051867583445
27 249.0756901231177
28 240.9818470041151
29 232.6808844285409
30 221.3442759669012
31 209.9397388319976
32 201.5112449834145
33 195.9722721542128
34 187.1141615242115
35 184.5788105713094
36 184.1671842713877
37 180.965459064998
38 178.2639281171882
39 185.0466151066085
40 195.3727363828349
41 204.460842045705
42 212.4845397692365
43 219.9600070787884
44 222.2352308736005
45 226.6459609166998
46 227.3074028737796
47 226.5341986648255
48 228.7162520504568
49 228.6074675310521
50 224.7091393390788
51 219.5061578128492
52 214.2329524592921
53 207.630399306289
54 202.8827256384048
55 199.9941815024569
56 198.4501880740464
57 198.6817001356698
58 199.2456179354841
59 202.0026386268135
60 205.3042836358637
61 208.2386771213874
62 214.5529051916909
63 217.0354694918897
64 220.7414055838753
65 224.3975767490987
66 227.4799227704341
67 228.337853495362
68 229.1847362659412
69 230.6681451927069
70 231.907877821858
71 232.2848832743705
72 232.8071654268764
73 231.9242122352536
74 230.7774491169617
75 228.4353336241454
76 227.1279435160785
77 227.007817565424
78 226.1349407672257
79 224.1781490247376
80 223.7526261414105
81 220.8228942093601
82 220.4144385482589
83 219.3759940211109
84 219.1007626149918
85 216.6117870671462
86 215.4341034498764
87 213.0900104346025
88 211.8156356132199
89 209.7317352637883
90 208.9600628714006
91 207.8126799604296
92 206.8196393991975
93 206.0473455710052
94 204.7427204092978
95 203.9959303967646
96 203.8861501924366
97 203.7136326450587
98 203.7130838467554
99 203.8663609165104
100 203.5847278831519
101 203.1210687790351
102 202.2336640999107
103 201.0031727630816
104 199.9283580910791
105 198.6774550518538
106 197.4065820075164
107 196.1360208965732
108 194.85132793527
109 193.8640105742703
110 192.9039887640308
111 191.9417981657029
112 191.2469944000879
113 191.3046085838843
114 190.927221976915
115 190.1966558700903
116 189.9005504670394
117 189.1729734426353
118 188.3707460371043
119 187.9904948258362
120 187.5113311992495
121 187.015002118949
122 186.9650129345428
123 186.8597490826346
124 186.7229663107673
125 186.4941341119581
126 186.2678485362603
127 185.9235373884547
128 185.6526352154996
129 185.3940459371847
130 185.2204393593826
131 185.0302439883652
132 184.8397679236668
133 184.6326883541188
134 184.4181809808265
135 184.172815825806
136 183.9351063016802
137 183.7174328158137
138 183.4132054059553
139 183.1911261462247
140 182.8761011963917
141 182.7476064059812
142 182.4872532205696
143 182.0249003413655
144 181.8321233734404
145 181.5106354358722
146 181.0555953821096
147 180.7588075353572
148 180.244550873038
149 179.6043677970038
150 179.2427657340756
151 178.8497730029075
152 178.2002775200169
153 177.7844674522431
154 177.2579884779377
155 176.4707358085571
156 176.0310105819373
157 175.443537299999
158 174.63905423916
159 174.3226405711311
160 173.8899698355616
161 173.2923810340193
162 173.00221206185
163 172.4840382935304
164 171.9235259143566
165 171.7162446604539
166 171.3775697515477
167 171.0188309568729
168 170.7004063268495
169 170.4081485853661
170 170.1640847261302
171 169.9584817478667
172 169.7813900577163
173 169.6247146757727
174 169.4715519436095
175 169.3692159094822
176 169.4380648438597
177 169.4290950116549
178 169.374748876538
179 169.3172013713217
180 169.2414706605873
181 169.2090145394515
182 169.2208883610722
183 169.2593571586971
184 169.3330380208279
185 169.394716240246
186 169.4470762297764
187 169.5642703787093
188 169.6719600828803
189 169.7705514788698
190 169.8592099846041
191 169.932240252658
192 169.9976375559552
193 170.0825765196333
194 170.141863447966
195 170.1821998127759
196 170.2251077382197
197 170.2697293984337
198 170.3051379361019
199 170.329426108096
200 170.3635840752047
201 170.3436465313009
202 170.2822768194218
203 170.233460319179
204 170.1857096782209
205 170.0835561137812
206 170.0442893913479
207 170.0569711668029
208 169.9653087688471
209 169.8954481181692
210 169.8675386693827
211 169.608343875421
212 169.6030594151947
213 169.5413308106534
214 169.193205611445
215 169.1628552395941
216 169.218770253855
217 168.9764849135539
218 168.9628925549982
219 168.9785325050912
220 168.841651768979
221 168.7229755920295
222 168.6560890553561
223 168.6073719609169
224 168.5859842631666
225 168.5743023783622
226 168.6369148740599
227 168.6402738241897
228 168.6203894162567
229 168.6006239403465
230 168.5806152257298
231 168.5831701143119
232 168.6111105938634
233 168.639197777639
234 168.6733618426891
235 168.6932674973509
236 168.7171711155451
237 168.7445207824995
238 168.7719526211304
239 168.8020333599007
240 168.8281937263323
241 168.8482849717743
242 168.8633097337617
243 168.8471606207509
244 168.8390498210547
245 168.8296127977799
246 168.8130323605408
247 168.7838472759657
248 168.7463542163892
249 168.7000851531684
250 168.6458989409697
251 168.5856515772066
252 168.5031608185187
253 168.3478639326536
254 168.328726023757
255 168.2878321738092
256 168.0944974184625
257 168.0563036048133
258 167.90127201902
259 167.8558834512564
260 167.6335627006267
261 167.5785172061047
262 167.3846845289035
263 167.3313092040613
264 167.1379222490029
265 167.0912841856179
266 166.8411623287676
267 166.8004324671571
268 166.5561044443132
269 166.5151119596823
270 166.2915834974101
271 166.2610240559085
272 166.0397112941874
273 166.0225388982639
274 165.7985945598116
275 165.79386094051
276 165.5517358631761
277 165.5326131191229
278 165.3700916503964
279 165.3659145201477
280 165.2197380165824
281 165.2189661136241
282 165.0807081365011
283 165.0812552583399
284 164.9497521349901
285 164.9522416503686
286 164.9374355094706
287 164.7844293124411
288 164.7981525688022
289 164.8154634726149
290 164.7325100510481
291 164.7424064100213
292 164.7655007649613
293 164.7158107272038
294 164.7286714842979
295 164.7609878952948
296 164.797280127783
297 164.7243952828019
298 164.7426184226935
299 164.7878811623896
300 164.8242767942755
301 164.7819892948137
302 164.8018720670059
303 164.8508606587497
304 164.891605659661
305 164.909479398817
306 164.8443594668964
307 164.866854378521
308 164.9208097056885
309 164.9234077271118
310 164.9346742101156
311 164.9735688252999
312 164.9412144230893
313 164.9488283925562
314 164.9898941618146
315 164.9648498811842
316 164.9831312467663
317 164.9724381323492
318 164.9951649230896
319 164.9964597807094
320 165.0267364926494
321 165.0278588811867
322 165.0595438439275
323 165.0536416852353
324 165.0887987159485
325 165.0843892728596
326 165.1240433944687
327 165.1230959548288
328 165.164266333673
329 165.1658187302588
330 165.1977400229491
331 165.2043104016958
332 165.2453797027912
333 165.2685022297788
334 165.311932136739
335 165.3323286839871
336 165.3730207074279
337 165.3899649437872
338 165.4325979472438
339 165.4528445513758
340 165.4936581828484
341 165.5115032629105
342 165.5534317044957
343 165.5793053745841
344 165.6219813833303
345 165.6508832848174
346 165.6871670612824
347 165.7411568336363
348 165.7539468063671
349 165.7902140507051
350 165.8429577939989
351 165.8620306109447
352 165.8945290292679
353 165.9399674683053
354 165.9780765224896
355 166.0043538829083
356 166.0244647984897
357 166.0418968452076
358 166.0585699918502
359 166.0751921504723
360 166.0905198618972
361 166.1039467117745
362 166.1156162847411
363 166.1219393985332
364 166.129891489229
365 166.1363603398792
366 166.1401022167131
367 166.1418338870261
368 166.14229856189
369 166.1433326984782
370 166.146079940051
371 166.1537889167385
372 166.1540897943099
373 166.1552043127123
374 166.1611699345357
375 166.1718962520198
376 166.1878484493182
377 166.2018702339711
378 166.2229292167611
379 166.2536426832115
380 166.285887422697
381 166.3236970165181
382 166.3648461550529
383 166.407688823098
384 166.4414684177294
385 166.4829830352169
386 166.5388448159499
387 166.6022748665015
388 166.6524859008464
389 166.7098089630561
390 166.7800693641528
391 166.833843850641
392 166.8943734185887
393 166.9722445601994
394 167.0415619148727
395 167.1125805447648
396 167.1845302935784
397 167.2373691040375
398 167.2950872118269
399 167.3569588056122
400 167.4091302789548
401 167.4676298872274
402 167.5353830657175
403 167.5859237998685
404 167.6439304220908
405 167.7140343781792
406 167.7621491798374
407 167.8230969314081
408 167.8608538711409
409 167.9228530773614
410 167.9630209506932
411 168.0132469270201
412 168.0715086099659
413 168.1616589729252
414 168.1928432903631
415 168.2303478434151
416 168.2729848213308
417 168.3754037225764
418 168.3928994601875
419 168.4197381056703
420 168.4492752225334
421 168.4788666912397
422 168.4911166246092
423 168.5227591802128
424 168.5542676459418
425 168.5912057411151
426 168.6268459514588
427 168.6590826621018
428 168.6878337345171
429 168.7196994079361
430 168.7536943839584
431 168.7884233048562
432 168.8232102049955
433 168.8574618551471
434 168.8918207469465
435 168.9249919536142
436 168.9611085280792
437 168.9994411933798
438 169.0394280860083
439 169.0819227147545
440 169.1268215235638
441 169.1706855765341
442 169.2133204211065
443 169.2517127054038
444 169.2903755030212
445 169.3305505588716
446 169.3728802596598
447 169.4161456498842
448 169.4595202004672
449 169.5020795732691
450 169.5871243390942
451 169.5885408019586
452 169.6052584955776
453 169.6839195012113
454 169.6870526753387
455 169.7103271898519
456 169.8030438987892
457 169.8049811826568
458 169.8275928543574
459 169.9159796629497
460 169.9216195348964
461 169.9433573073403
462 170.0307480932088
463 170.0363836719444
464 170.0585725335989
465 170.1443813431235
466 170.1514312471049
467 170.1745501130272
468 170.2585044335238
469 170.2667992610216
470 170.2916142704603
471 170.3730372640443
472 170.3824099681157
473 170.4064881597607
474 170.4835268767671
475 170.4926798478311
476 170.5158965555702
477 170.5886269051377
478 170.5972555764682
479 170.6182213126608
480 170.6900043712067
481 170.6973655062073
482 170.7167017141952
483 170.782496060175
484 170.7899004365415
485 170.8069825454475
486 170.8670939117881
487 170.8735001410178
488 170.9156532957769
489 170.9217095397575
490 170.9632558583846
491 170.9685060432459
492 171.0110634786633
493 171.0153630367384
494 171.0568529478091
495 171.0598240576203
496 171.098483280279
497 171.1014964585872
498 171.1345510930874
499 171.1371159276657
500 171.143358625594
