"report-def-1-rfile"
"Iteration" "lift"
("Iteration" "lift")
1 6.08023254148384
2 4.685744587167664
3 0.9417422784688457
4 0.1653479553423876
5 0.2356455232454931
6 0.5592318723385629
7 0.9091453293260691
8 0.933128318659174
9 0.9401791126212159
10 0.957834260408687
11 0.9666152665902692
12 0.9805331727586976
13 0.9838520671936527
14 0.9761404986942772
15 0.9588419263414499
16 0.9526499119899033
17 0.9491598302824383
18 0.9518809106129728
19 0.9563368722544692
20 0.9626359934180179
21 0.9663898489767117
22 0.9687154591230561
23 0.97265355437041
24 0.973590219225942
25 0.9719160208279564
26 0.96880627130738
27 0.9633490491295409
28 0.9581586612705483
29 0.9528249056516779
30 0.9447357840165146
31 0.9353306212507272
32 0.9286403277384357
33 0.9244353731739926
34 0.9173792340435151
35 0.9167721344647819
36 0.9183990415749624
37 0.9187223545926421
38 0.9198964637777589
39 0.9282242686702269
40 0.9404870469377651
41 0.9522035056223328
42 0.9639764513724877
43 0.9758326495603197
44 0.9830528465427955
45 0.9914403371411116
46 0.9965189442685326
47 1.000027284047435
48 1.006522671296254
49 1.010535617340534
50 1.01143559966513
51 1.010805096105714
52 1.009207963735149
53 1.006125237322048
54 1.004436149429578
55 1.004056256647099
56 1.004323192778741
57 1.006235970757563
58 1.009165435547746
59 1.014177170525094
60 1.020447814073433
61 1.024638773842083
62 1.034546398086328
63 1.038951400788444
64 1.046866956480197
65 1.051893911619261
66 1.056309274793247
67 1.059387872107656
68 1.062304330741532
69 1.065342904666877
70 1.068216979199862
71 1.07104810994888
72 1.072545391548219
73 1.073703068595262
74 1.073713730836361
75 1.073374548286468
76 1.073021740331883
77 1.073488903746369
78 1.073330580571049
79 1.072564165683318
80 1.072558534850228
81 1.070705055714354
82 1.070510347206568
83 1.069836071234269
84 1.069700564609813
85 1.068099337796937
86 1.067413128679711
87 1.065836339394886
88 1.064975853727349
89 1.063662445628296
90 1.063199410710116
91 1.062822509730124
92 1.062700103921753
93 1.062783315054299
94 1.062589946030554
95 1.062818244428107
96 1.06360435747501
97 1.064368167386162
98 1.065215337764396
99 1.066192287571785
100 1.06692449205524
101 1.067630890309123
102 1.068087852197765
103 1.068324080206953
104 1.068600096771114
105 1.0687511257747
106 1.068866297850869
107 1.068953445911518
108 1.069016772735136
109 1.069161744996265
110 1.069237754401764
111 1.069263617970284
112 1.069470802339519
113 1.070223763420526
114 1.070743430580968
115 1.071420139894764
116 1.071603225977532
117 1.071653731551281
118 1.072068419388327
119 1.072182447647542
120 1.072351497885872
121 1.072754071704466
122 1.072977192164297
123 1.07327553797773
124 1.073559412619228
125 1.073691294025499
126 1.073748264647731
127 1.073674331390264
128 1.073608173710698
129 1.073539111524297
130 1.073469955827454
131 1.073317923735135
132 1.073086431931976
133 1.072786953129401
134 1.072428174722621
135 1.072037914775863
136 1.071591749676596
137 1.071128521966207
138 1.070649959184891
139 1.070224583199461
140 1.069503728591785
141 1.069309047185597
142 1.068956195004273
143 1.068149554897507
144 1.067863906822292
145 1.067386555480027
146 1.066452425237568
147 1.066101404122772
148 1.065519960975277
149 1.064484852505224
150 1.064062872752439
151 1.063540780520191
152 1.062527208538048
153 1.06206634031777
154 1.061471561290304
155 1.060415372712342
156 1.059931045079412
157 1.059308166831891
158 1.058199316085257
159 1.057798632451675
160 1.057298559855028
161 1.056360096913849
162 1.055995695618976
163 1.05541459054353
164 1.054491449720256
165 1.054211146141345
166 1.053797415657729
167 1.053289540850102
168 1.052759048206426
169 1.052246863813703
170 1.051801686188358
171 1.051385473982683
172 1.051002137314048
173 1.050610325342145
174 1.05021658212512
175 1.049860643627737
176 1.049639266349519
177 1.04934014554667
178 1.048988780176594
179 1.048627229417656
180 1.048219324906094
181 1.047810306894693
182 1.04742142487203
183 1.04703664627292
184 1.046653747229129
185 1.046263606102159
186 1.04584098732149
187 1.045453153641086
188 1.045032212619736
189 1.044578951992113
190 1.044092810128389
191 1.04359122571142
192 1.043045992702157
193 1.042478098335885
194 1.041899328299303
195 1.041295715760195
196 1.04067829423303
197 1.040036846475448
198 1.039373641794655
199 1.038690803674185
200 1.038026308918841
201 1.037281912152166
202 1.036498159946043
203 1.035712209825132
204 1.03492528474436
205 1.033742206489779
206 1.033323741385551
207 1.03271575364172
208 1.031538176821031
209 1.031020367960987
210 1.030316363113214
211 1.028950585571644
212 1.028545282926741
213 1.027836063273803
214 1.026403991128954
215 1.026029266381133
216 1.025432601126932
217 1.024075050909821
218 1.023749921811419
219 1.023206817614603
220 1.022394448181494
221 1.021557240362206
222 1.02081255442004
223 1.020163777783439
224 1.019540653470167
225 1.018927115266866
226 1.018356313013377
227 1.01780142297759
228 1.017261015896002
229 1.016741487637617
230 1.016227771053172
231 1.015738479211064
232 1.015266357675812
233 1.014810987063477
234 1.014374252107734
235 1.013933849243498
236 1.013510812710308
237 1.013100604302293
238 1.012695052220033
239 1.012313693273969
240 1.011923032419489
241 1.011526581405991
242 1.011113523736821
243 1.010696078346587
244 1.01028740373772
245 1.009875178723313
246 1.009453887818534
247 1.009019191021862
248 1.008576408281063
249 1.008125040841704
250 1.007668025153018
251 1.007198604099061
252 1.006706893413077
253 1.005934013874021
254 1.005720841907079
255 1.0053243066558
256 1.004494968429582
257 1.00421364451221
258 1.003459740964543
259 1.003153096303314
260 1.002336371463458
261 1.002006608609156
262 1.001199032233258
263 1.000865698364527
264 1.000054170568725
265 0.9997235081678106
266 0.9988799511916728
267 0.9985562409951673
268 0.9977245236224785
269 0.9973998324611589
270 0.9965854346205466
271 0.9962701643780126
272 0.9954655188519399
273 0.9951703751990164
274 0.9943721478145718
275 0.9940966298288763
276 0.9933086190248961
277 0.9930236314308972
278 0.9922836984694964
279 0.9920228089675773
280 0.9913200817133211
281 0.9910715422231688
282 0.9903978695726305
283 0.9901578738748463
284 0.9895117585640356
285 0.9892849899095184
286 0.9889368241867682
287 0.9882171494808746
288 0.988033855484705
289 0.9877558818179047
290 0.9871781360262953
291 0.9869932809688209
292 0.9867325172962894
293 0.9862138707869358
294 0.9860347640765336
295 0.9857960197428588
296 0.9855330502588545
297 0.9850458521840264
298 0.9848826436694751
299 0.9846709995135419
300 0.9844196883434224
301 0.9839894484011804
302 0.9838289787499831
303 0.98362873030867
304 0.9833889512405947
305 0.9831240814547484
306 0.9826813157295214
307 0.9825389936528394
308 0.9823474640682957
309 0.9819824263920416
310 0.9818047397912841
311 0.9815847680606016
312 0.9811744585693553
313 0.9809920026658896
314 0.9807687619224709
315 0.9803560120080405
316 0.9801838055145052
317 0.9798265011330018
318 0.9796550559167189
319 0.9793007179170506
320 0.9791265704969969
321 0.9787591032446332
322 0.9785872749527538
323 0.9782138530532711
324 0.9780499057190584
325 0.9776813993901964
326 0.977522471629068
327 0.9771643910010865
328 0.977011299302496
329 0.9766603529987581
330 0.9765024365607743
331 0.9761648349105502
332 0.9760142435116862
333 0.975697174521031
334 0.9755502261045788
335 0.9752416658105628
336 0.9750973750189889
337 0.9747977932934806
338 0.9746593950060393
339 0.9743744237321713
340 0.9742470662370978
341 0.9739751434149841
342 0.9738610964891183
343 0.9736071666334307
344 0.9735048673443317
345 0.97327250873392
346 0.97317425288808
347 0.9730416392956823
348 0.972809262964389
349 0.9727246688651906
350 0.9726114096428856
351 0.972410605897634
352 0.9723348662897133
353 0.9722350755883816
354 0.9721203686990565
355 0.9720041766686029
356 0.9718913231990626
357 0.9717827107880207
358 0.9716781620601849
359 0.971577693777132
360 0.9714799057339509
361 0.9713854255688138
362 0.9712937510297409
363 0.9712044687357033
364 0.9711185027776977
365 0.9710340212097798
366 0.9709499461738602
367 0.9708668907773468
368 0.9707855786859004
369 0.9707049340428157
370 0.9706279048873038
371 0.9705633033243743
372 0.9704974968386759
373 0.970437673009418
374 0.9703847516548564
375 0.9703386083424185
376 0.970299045628502
377 0.9702624127195805
378 0.9702326632764615
379 0.970214039432162
380 0.9701997337262332
381 0.9701921395805286
382 0.9701928329514985
383 0.9701997147787546
384 0.9702028624864568
385 0.9702305672731019
386 0.970254498626435
387 0.9702909310062344
388 0.9703319868478681
389 0.9703660646979534
390 0.9704202339766475
391 0.9704709931252892
392 0.9705166107423254
393 0.9705921862495568
394 0.9706597053005823
395 0.9707242291178115
396 0.9708169622498445
397 0.9708837050855973
398 0.9709456201193454
399 0.9710389852091174
400 0.9711083781123423
401 0.9711781881177038
402 0.9712883346714724
403 0.9713609426192765
404 0.9714388414718731
405 0.9715670527506596
406 0.9716432616148705
407 0.9717344236150112
408 0.9718135528372446
409 0.9719603967935516
410 0.9720320001116446
411 0.9721179791856723
412 0.9722238022096107
413 0.9724116340459289
414 0.972475161373516
415 0.9725566028311656
416 0.9726577231731329
417 0.9728721269376471
418 0.9729255163854218
419 0.9730027488847376
420 0.9731007989264618
421 0.9732607280774958
422 0.9733079575741699
423 0.9733886176678876
424 0.973491601972489
425 0.9736079114496249
426 0.9737250531129897
427 0.9738351010451249
428 0.9739420969815621
429 0.9740509437547351
430 0.9741624160888084
431 0.9742761368051377
432 0.9743911984956701
433 0.974506963376356
434 0.9746233605569954
435 0.9747392351545643
436 0.974859814323185
437 0.9749836960212248
438 0.9751112287661411
439 0.9752386112612751
440 0.9753719374584963
441 0.9755084939618117
442 0.9756426787890194
443 0.9757771252071711
444 0.9759131731312682
445 0.9760516722873619
446 0.9761930343611744
447 0.9763362356044444
448 0.9764801481079687
449 0.9766245941251243
450 0.9768753156814948
451 0.9769230956936343
452 0.9770226237669314
453 0.9772604658781281
454 0.977322589718686
455 0.9774454560773176
456 0.9777167139928958
457 0.977773322510729
458 0.9778927667824655
459 0.9781623975700511
460 0.9782221944455664
461 0.9783451584132917
462 0.9786201688748095
463 0.9786785692043904
464 0.9788028234754577
465 0.9790805426465845
466 0.9791400755957633
467 0.9792664843683233
468 0.9795465690484095
469 0.979606402758824
470 0.9797345460591224
471 0.9800148959900112
472 0.9800755610961404
473 0.9802029919423738
474 0.9804817645427262
475 0.9805422931945327
476 0.9806697354382136
477 0.9809462677218874
478 0.9810066042981663
479 0.9811312908664838
480 0.9814094214061859
481 0.9814689186406274
482 0.9815934146708732
483 0.9818645891041119
484 0.9819270246469682
485 0.9820511414613177
486 0.9823157190652211
487 0.9823794429736179
488 0.982592187170456
489 0.9826642112838777
490 0.9828877988652822
491 0.9829609432398397
492 0.9831889513754526
493 0.9832615345648076
494 0.9834887744587727
495 0.9835610537297091
496 0.9837874096976343
497 0.9838602324019815
498 0.9840794309909028
499 0.9841539736238992
500 0.9842824157013611
