/COM,ANSYS RELEASE 2022 R1           BUILD 22.1      UP20211129       16:01:21

 *** WARNING ***                         CP =       0.250   TIME= 16:01:21
 Element shape checking is currently inactive.  Issue SHPP,ON or         
 SHPP,WARN to reactivate, if desired.                                    

 *** WARNING ***                         CP =       0.250   TIME= 16:01:21
 Meshes made up of 10 percent or more of SOLID185 tetrahedra are not     
 recommended.                                                            

 *** WARNING ***                         CP =       0.281   TIME= 16:01:21
 Material number 15 (used by element 10243) should normally have at      
 least one MP or one TB type command associated with it.  Output of      
 energy by material may not be available.                                

 *** WARNING ***                         CP =       0.312   TIME= 16:01:21
 Node 14 connects both contact element 10187 and target element 10231.   
 Please check the model carefully.                                       

 *** WARNING ***                         CP =       0.312   TIME= 16:01:21
 All selected contact pairs are initially open.  Rigid body motion can   
 occur.  You may use auto CNOF/ICONT by setting KEYOPT(5) to close       
 small gaps.                                                             

 *** WARNING ***                         CP =       0.469   TIME= 16:01:21
 Node 14 connects both contact element 10187 and target element 10231.   
 Please check the model carefully.                                       
